time="2025-04-03T19:59:47Z" level=info msg="Server listening on :6380"
time="2025-04-03T19:59:47Z" level=error msg="Failed to connect to master localhost:6379: dial tcp [::1]:6379: connect: connection refused"
time="2025-04-03T19:59:52Z" level=error msg="Failed to connect to master localhost:6379: dial tcp [::1]:6379: connect: connection refused"
time="2025-04-03T19:59:57Z" level=error msg="Failed to connect to master localhost:6379: dial tcp [::1]:6379: connect: connection refused"
time="2025-04-03T20:00:02Z" level=error msg="Failed to connect to master localhost:6379: dial tcp [::1]:6379: connect: connection refused"
time="2025-04-03T20:00:07Z" level=error msg="Failed to connect to master localhost:6379: dial tcp [::1]:6379: connect: connection refused"
time="2025-04-03T20:00:12Z" level=error msg="Failed to connect to master localhost:6379: dial tcp [::1]:6379: connect: connection refused"
time="2025-04-03T20:00:17Z" level=error msg="Failed to connect to master localhost:6379: dial tcp [::1]:6379: connect: connection refused"
time="2025-04-03T20:00:22Z" level=error msg="Failed to connect to master localhost:6379: dial tcp [::1]:6379: connect: connection refused"
time="2025-04-03T20:00:27Z" level=error msg="Failed to connect to master localhost:6379: dial tcp [::1]:6379: connect: connection refused"
time="2025-04-03T20:00:32Z" level=error msg="Failed to connect to master localhost:6379: dial tcp [::1]:6379: connect: connection refused"
time="2025-04-03T20:00:37Z" level=error msg="Failed to connect to master localhost:6379: dial tcp [::1]:6379: connect: connection refused"
time="2025-04-03T20:00:42Z" level=error msg="Failed to connect to master localhost:6379: dial tcp [::1]:6379: connect: connection refused"
time="2025-04-03T20:00:47Z" level=error msg="Failed to connect to master localhost:6379: dial tcp [::1]:6379: connect: connection refused"
time="2025-04-03T20:00:52Z" level=error msg="Failed to connect to master localhost:6379: dial tcp [::1]:6379: connect: connection refused"
time="2025-04-03T20:00:57Z" level=error msg="Failed to connect to master localhost:6379: dial tcp [::1]:6379: connect: connection refused"
time="2025-04-03T20:01:02Z" level=error msg="Failed to connect to master localhost:6379: dial tcp [::1]:6379: connect: connection refused"
time="2025-04-03T20:01:07Z" level=error msg="Failed to connect to master localhost:6379: dial tcp [::1]:6379: connect: connection refused"
time="2025-04-03T20:01:12Z" level=error msg="Failed to connect to master localhost:6379: dial tcp [::1]:6379: connect: connection refused"
time="2025-04-03T20:01:17Z" level=error msg="Failed to connect to master localhost:6379: dial tcp [::1]:6379: connect: connection refused"
time="2025-04-03T20:01:22Z" level=error msg="Failed to connect to master localhost:6379: dial tcp [::1]:6379: connect: connection refused"
time="2025-04-03T20:01:27Z" level=error msg="Failed to connect to master localhost:6379: dial tcp [::1]:6379: connect: connection refused"
time="2025-04-03T20:01:32Z" level=error msg="Failed to connect to master localhost:6379: dial tcp [::1]:6379: connect: connection refused"
time="2025-04-03T20:01:32Z" level=info msg="Server listening on :6379"
time="2025-04-03T20:01:37Z" level=info msg="Connected to master at localhost:6379"
time="2025-04-03T20:01:37Z" level=info msg="New connection from [::1]:33930"
time="2025-04-03T20:01:37Z" level=info msg="Handling SYNC request from [::1]:33930"
time="2025-04-03T20:07:20Z" level=info msg="New connection from [::1]:48830"
time="2025-04-03T20:08:25Z" level=info msg="New connection from [::1]:40192"
time="2025-04-03T20:10:04Z" level=error msg="Replication error: EOF"
